<mule xmlns="http://www.mulesoft.org/schema/mule/core"
      xmlns:xsi="http://www.w3.org/2001/XMLSchema-instance"
      xmlns:caqh="http://www.mulesoft.org/schema/mule/caqh"
      xsi:schemaLocation="http://www.mulesoft.org/schema/mule/core http://www.mulesoft.org/schema/mule/core/current/mule.xsd
http://www.mulesoft.org/schema/mule/caqh http://www.mulesoft.org/schema/mule/caqh/current/mule-caqh.xsd
http://www.mulesoft.org/schema/mule/http http://www.mulesoft.org/schema/mule/http/current/mule-http.xsd">

    <configuration-properties file="credentials.properties"/>
    <caqh:config name="CAQH_Config1" address="${caqh.address}" >
        <caqh:connection username="${caqh.userName}" password="${caqh.password}" />
    </caqh:config>


    <flow name="add-to-roster-pvFlow" >
        <caqh:add-to-roster-request-pv  config-ref="CAQH_Config1"/>
    </flow>

    <flow name="add-to-roster-daFlow" >
        <caqh:add-to-roster-request-da  config-ref="CAQH_Config1"/>
    </flow>

    <flow name="update-proview-DirectAssure-requestFlow" >
        <caqh:update-to-proview-api-da  config-ref="CAQH_Config1"/>
    </flow>

    <flow name="delete-proview-DirectAssure-requestFlow" >
        <caqh:delete-from-proview-api-da  config-ref="CAQH_Config1"/>
    </flow>

    <flow name="delete-from-proview-pvFlow" >
        <caqh:delete-from-proview-api  config-ref="CAQH_Config1"/>
    </flow>

    <flow name="update-on-proview-requestFlow" >
        <caqh:update-to-roster-request-pv  config-ref="CAQH_Config1"/>
    </flow>


</mule>